<?xml version="1.0" encoding="utf-8" standalone="yes"?>
<!-- 
	Usage:

	To localize the description, use the following format for the description element.
	<description>
	<text xml:lang="en">English App description goes here</text>
	<text xml:lang="fr">French App description goes here</text>
	<text xml:lang="ja">Japanese App description goes here</text>
	</description>

	To localize the name, use the following format for the name element.
	<name>
	<text xml:lang="en">English App name goes here</text>
	<text xml:lang="fr">French App name goes here</text>
	<text xml:lang="ja">Japanese App name goes here</text>
	</name>
-->
<application xmlns="http://ns.adobe.com/air/application/23.0">
    <id>Test</id>
    <versionNumber>1.0.0</versionNumber>
    <versionLabel></versionLabel>
    <filename>Test</filename>
    <description></description>
    <name>Test</name>
    <copyright></copyright>
    <initialWindow>
        <content>Test.swf</content>
        <systemChrome>standard</systemChrome>
        <transparent>false</transparent>
        <visible>true</visible>
        <fullScreen>false</fullScreen>
        <aspectRatio>portrait</aspectRatio>
        <renderMode>cpu</renderMode>
        <autoOrients>false</autoOrients>
    </initialWindow>
    <icon></icon>
    <customUpdateUI>false</customUpdateUI>
    <allowBrowserInvocation>false</allowBrowserInvocation>
    <android>
        <manifestAdditions><![CDATA[
            <manifest android:installLocation="auto">
                <uses-sdk android:minSdkVersion="14" />
                <uses-permission android:name="android.permission.INTERNET"/>
                <uses-permission android:name="android.permission.WRITE_EXTERNAL_STORAGE"/>
                <uses-permission android:name="android.permission.ACCESS_NETWORK_STATE"/>
                <uses-permission android:name="android.permission.ACCESS_WIFI_STATE"/>
                
                <uses-permission android:name="android.permission.ACCESS_COARSE_LOCATION" />
                <uses-permission android:name="android.permission.ACCESS_FINE_LOCATION" />
                
                <uses-feature android:name="android.hardware.location" android:required="false" />
                <uses-feature android:name="android.hardware.location.gps" android:required="false" />
                
                <uses-sdk tools:overrideLibrary="com.facebook.ads" />

                <supports-screens
                    android:smallScreens="true"
                    android:normalScreens="true"
                    android:largeScreens="true"
                    android:xlargeScreens="true"
                    />

                <application android:enabled="true" android:hardwareAccelerated="true">
                        <activity
        android:name="com.flymob.sdk.common.ads.interstitial.activity.FlyMobActivity"
        android:configChanges="keyboardHidden|orientation|screenSize" />
    <!--MRAID video-->
    <activity
        android:name="com.flymob.sdk.common.ads.interstitial.activity.FlyMobVideoActivity"
        android:configChanges="keyboardHidden|orientation|screenSize" />
    <!--MRAID video end-->
    <service
        android:name="com.flymob.sdk.common.server.FlyMobService"
        android:exported="false" />
    <meta-data
        android:name="com.google.android.gms.version"
        android:value="8487000" />

    <!--AdMob-->
    <activity
        android:name="com.google.android.gms.ads.AdActivity"
        android:configChanges="keyboard|keyboardHidden|orientation|screenLayout|uiMode|screenSize|smallestScreenSize"
        android:theme="@android:style/Theme.Translucent" />
    <!--AdMob end-->

    <!--Facebook-->
    <activity
        android:name="com.facebook.ads.InterstitialAdActivity"
        android:configChanges="keyboardHidden|orientation|screenSize" />
    <!--Facebook end-->

    <!--AppLovin-->
    <activity android:name="com.applovin.adview.AppLovinInterstitialActivity" />
    <activity android:name="com.applovin.adview.AppLovinConfirmationActivity" />
    <!--AppLovin end-->

    <!--UnityAds-->
    <activity
        android:name="com.unity3d.ads.adunit.AdUnitActivity"
        android:configChanges="fontScale|keyboard|keyboardHidden|locale|mnc|mcc|navigation|orientation|screenLayout|screenSize|smallestScreenSize|uiMode|touchscreen"
        android:hardwareAccelerated="true"
        android:theme="@android:style/Theme.NoTitleBar.Fullscreen" />
    <activity
        android:name="com.unity3d.ads.adunit.AdUnitSoftwareActivity"
        android:configChanges="fontScale|keyboard|keyboardHidden|locale|mnc|mcc|navigation|orientation|screenLayout|screenSize|smallestScreenSize|uiMode|touchscreen"
        android:hardwareAccelerated="false"
        android:theme="@android:style/Theme.NoTitleBar.Fullscreen" />
    <!--UnityAds end-->

    <!--Adcolony-->

    <activity
        android:name="com.adcolony.sdk.AdColonyInterstitialActivity"
        android:configChanges="keyboardHidden|orientation|screenSize"
        android:hardwareAccelerated="true" />

    <activity
        android:name="com.adcolony.sdk.AdColonyAdViewActivity"
        android:configChanges="keyboardHidden|orientation|screenSize"
        android:hardwareAccelerated="true" />
    <!--Adcolony end-->

    <!--Vungle-->
    <activity
        android:name="com.vungle.publisher.VideoFullScreenAdActivity"

        android:configChanges="keyboardHidden|orientation|screenSize"

        android:theme="@android:style/Theme.NoTitleBar.Fullscreen" />

    <activity
        android:name="com.vungle.publisher.MraidFullScreenAdActivity"

        android:configChanges="keyboardHidden|orientation|screenSize"

        android:theme="@android:style/Theme.Translucent.NoTitleBar.Fullscreen" />

    <!--Vungle end-->

                </application>
            </manifest>
        ]]></manifestAdditions>
    </android>
    <extensions>
        <extensionID>flymob.com</extensionID>
    </extensions>
</application>